2026-04-19 19:04:14,880 [main] INFO Log file: logs\tennis_20260419_190414.log
2026-04-19 19:04:16,884 [main] INFO Starting server on 0.0.0.0:8000
2026-04-19 19:04:21,617 [app.orchestrator] INFO [cam68] Pipeline process started (pid=43472)
2026-04-19 19:04:21,618 [app.orchestrator] INFO Consumer thread started
2026-04-19 19:04:21,620 [app.orchestrator] INFO Tracking JSONL started: recordings\tracking_20260419_190421.jsonl
2026-04-19 19:04:22,777 [app.orchestrator] INFO [cam66] Pipeline process started (pid=16872)
2026-04-19 19:04:28,668 [app.pipeline.homography] INFO [cam68] Homography loaded (reproj error: 0.0000m, court_x: [-1.0, 9.2])
2026-04-19 19:04:33,400 [app.pipeline.homography] INFO [cam66] Homography loaded (reproj error: 0.0000m, court_x: [-1.0, 9.2])
2026-04-19 19:04:34,538 [app.analytics] INFO Rally 1: started (frame 0)
2026-04-19 19:04:34,543 [app.analytics] INFO Rally 1 started (t=1776596674.54)
2026-04-19 19:04:34,543 [app.analytics] INFO Rally 1 ended: reason=net, strokes=2, bounces=0, 0.5s
2026-04-19 19:04:34,622 [app.result_exporter] INFO Rally 1 payload saved to logs/rally_1_payload.json
2026-04-19 19:04:44,801 [app.result_exporter] WARNING Rally 1 export failed: 500 <!DOCTYPE html>
<html>
<head>
    <meta charset="UTF-8">
    <title>系统发生错误</title>
    <meta name="robots" content="noindex,nofollow" />
    <style>
        /* Base */
        body {
            color
2026-04-19 19:05:12,473 [app.analytics] INFO Rally 1 ended: 5 strokes, 2 bounces, 34.7s
2026-04-19 19:05:12,473 [app.analytics] INFO Rally 2: serving from near (frame 0)
2026-04-19 19:05:16,918 [app.analytics] INFO Rally 3: serving from near (frame 0)
2026-04-19 19:05:26,836 [app.analytics] INFO Rally 4: serving from near (frame 0)
2026-04-19 19:05:57,118 [app.analytics] INFO Rally 5: serving from near (frame 0)
2026-04-19 19:06:29,936 [app.analytics] INFO Rally 2 started (t=1776596789.94)
2026-04-19 19:06:29,936 [app.analytics] INFO Rally 5: serve crossed net (frame 0)
2026-04-19 19:06:36,381 [app.analytics] INFO Rally 2 ended: 3 strokes, 1 bounces, 3.3s
2026-04-19 19:06:36,381 [app.analytics] INFO Rally 3 started (t=1776596796.38)
2026-04-19 19:06:36,381 [app.analytics] INFO Rally 5 ended: reason=timeout, strokes=3, bounces=0, 39.3s
2026-04-19 19:06:36,381 [app.analytics] INFO Rally 6: started (frame 0)
2026-04-19 19:06:36,394 [app.result_exporter] INFO Rally 5 payload saved to logs/rally_5_payload.json
2026-04-19 19:06:36,616 [app.result_exporter] WARNING Rally 5 export failed: 500 <!DOCTYPE html>
<html>
<head>
    <meta charset="UTF-8">
    <title>系统发生错误</title>
    <meta name="robots" content="noindex,nofollow" />
    <style>
        /* Base */
        body {
            color
2026-04-19 19:07:00,102 [app.analytics] INFO Rally 6 ended: reason=net, strokes=1, bounces=0, 23.7s
2026-04-19 19:07:00,114 [app.result_exporter] INFO Rally 6 payload saved to logs/rally_6_payload.json
2026-04-19 19:07:11,277 [app.result_exporter] WARNING Rally 6 export error: HTTPSConnectionPool(host='tennisync.top', port=443): Max retries exceeded with url: /api/admin/SpaceParties/reportData (Caused by NameResolutionError("HTTPSConnection(host='tennisync.top', port=443): Failed to resolve 'tennisync.top' ([Errno 11001] getaddrinfo failed)"))
2026-04-19 19:07:12,486 [app.analytics] INFO Rally 3 ended: 1 strokes, 4 bounces, 32.8s
2026-04-19 19:07:12,658 [app.analytics] INFO Rally 7: serving from near (frame 0)
2026-04-19 19:07:16,970 [app.analytics] INFO Rally 8: serving from near (frame 0)
2026-04-19 19:07:27,268 [app.analytics] INFO Rally 9: serving from near (frame 0)
2026-04-19 19:07:51,995 [app.analytics] INFO Rally 4 started (t=1776596872.00)
2026-04-19 19:07:51,996 [app.analytics] INFO Rally 9: serve crossed net (frame 0)
2026-04-19 19:08:05,486 [app.analytics] INFO Rally 4 ended: 2 strokes, 0 bounces, 10.1s
2026-04-19 19:08:05,658 [app.analytics] INFO Rally 9 ended: reason=timeout, strokes=2, bounces=0, 38.4s
2026-04-19 19:08:05,658 [app.analytics] INFO Rally 10: serving from near (frame 0)
2026-04-19 19:08:05,667 [app.result_exporter] INFO Rally 9 payload saved to logs/rally_9_payload.json
2026-04-19 19:08:06,267 [app.result_exporter] WARNING Rally 9 export failed: 500 <!DOCTYPE html>
<html>
<head>
    <meta charset="UTF-8">
    <title>系统发生错误</title>
    <meta name="robots" content="noindex,nofollow" />
    <style>
        /* Base */
        body {
            color
2026-04-19 19:08:29,970 [app.analytics] INFO Rally 5 started (t=1776596909.97)
2026-04-19 19:08:29,970 [app.analytics] INFO Rally 10: serve crossed net (frame 0)
2026-04-19 19:08:32,686 [app.analytics] INFO Rally 10 ended: reason=net, strokes=3, bounces=0, 27.0s
2026-04-19 19:08:32,694 [app.result_exporter] INFO Rally 10 payload saved to logs/rally_10_payload.json
2026-04-19 19:08:32,977 [app.result_exporter] WARNING Rally 10 export failed: 500 <!DOCTYPE html>
<html>
<head>
    <meta charset="UTF-8">
    <title>系统发生错误</title>
    <meta name="robots" content="noindex,nofollow" />
    <style>
        /* Base */
        body {
            color
2026-04-19 19:08:36,987 [app.analytics] INFO Rally 5 ended: 4 strokes, 0 bounces, 3.7s
2026-04-19 19:08:37,500 [app.analytics] INFO Rally 11: serving from near (frame 0)
2026-04-19 19:09:26,796 [app.analytics] INFO Rally 12: serving from near (frame 0)
2026-04-19 19:09:57,188 [app.analytics] INFO Rally 13: serving from near (frame 0)
2026-04-19 19:10:10,831 [app.analytics] INFO Rally 14: serving from near (frame 0)
2026-04-19 19:10:29,970 [app.analytics] INFO Rally 6 started (t=1776597029.97)
2026-04-19 19:10:29,971 [app.analytics] INFO Rally 14: serve crossed net (frame 0)
2026-04-19 19:10:30,990 [app.analytics] INFO Rally 14 ended: reason=net, strokes=2, bounces=0, 20.2s
2026-04-19 19:10:30,998 [app.result_exporter] INFO Rally 14 payload saved to logs/rally_14_payload.json
2026-04-19 19:10:33,587 [app.analytics] INFO Rally 15: started (frame 0)
2026-04-19 19:10:41,220 [app.result_exporter] WARNING Rally 14 export failed: 500 <!DOCTYPE html>
<html>
<head>
    <meta charset="UTF-8">
    <title>系统发生错误</title>
    <meta name="robots" content="noindex,nofollow" />
    <style>
        /* Base */
        body {
            color
2026-04-19 19:10:59,943 [app.analytics] INFO Rally 15 ended: reason=net, strokes=2, bounces=0, 26.4s
2026-04-19 19:10:59,958 [app.result_exporter] INFO Rally 15 payload saved to logs/rally_15_payload.json
2026-04-19 19:11:00,230 [app.result_exporter] WARNING Rally 15 export failed: 500 <!DOCTYPE html>
<html>
<head>
    <meta charset="UTF-8">
    <title>系统发生错误</title>
    <meta name="robots" content="noindex,nofollow" />
    <style>
        /* Base */
        body {
            color
2026-04-19 19:11:12,677 [app.analytics] INFO Rally 6 ended: 4 strokes, 3 bounces, 39.2s
2026-04-19 19:11:12,677 [app.analytics] INFO Rally 16: serving from near (frame 0)
2026-04-19 19:11:16,917 [app.analytics] INFO Rally 17: serving from near (frame 0)
2026-04-19 19:11:27,273 [app.analytics] INFO Rally 18: serving from near (frame 0)
2026-04-19 19:11:57,082 [app.analytics] INFO Rally 19: serving from near (frame 0)
2026-04-19 19:12:05,901 [app.analytics] INFO Rally 20: serving from near (frame 0)
2026-04-19 19:12:09,431 [app.analytics] INFO Rally 7 started (t=1776597129.43)
2026-04-19 19:12:09,431 [app.analytics] INFO Rally 20: serve crossed net (frame 0)
2026-04-19 19:12:59,430 [app.analytics] INFO Rally 20 ended: reason=net, strokes=6, bounces=0, 53.5s
2026-04-19 19:12:59,447 [app.result_exporter] INFO Rally 20 payload saved to logs/rally_20_payload.json
2026-04-19 19:12:59,878 [app.result_exporter] WARNING Rally 20 export failed: 500 <!DOCTYPE html>
<html>
<head>
    <meta charset="UTF-8">
    <title>系统发生错误</title>
    <meta name="robots" content="noindex,nofollow" />
    <style>
        /* Base */
        body {
            color
2026-04-19 19:13:12,642 [app.analytics] INFO Rally 7 ended: 6 strokes, 8 bounces, 59.8s
2026-04-19 19:13:12,642 [app.analytics] INFO Rally 21: serving from near (frame 0)
2026-04-19 19:13:26,555 [app.analytics] INFO Rally 22: serving from near (frame 0)
2026-04-19 19:13:57,123 [app.analytics] INFO Rally 23: serving from near (frame 0)
2026-04-19 19:14:30,498 [app.analytics] INFO Rally 8 started (t=1776597270.50)
2026-04-19 19:14:30,499 [app.analytics] INFO Rally 23: serve crossed net (frame 0)
2026-04-19 19:14:34,015 [app.analytics] INFO Rally 23 ended: reason=net, strokes=5, bounces=0, 36.9s
2026-04-19 19:14:34,024 [app.result_exporter] INFO Rally 23 payload saved to logs/rally_23_payload.json
2026-04-19 19:14:34,705 [app.result_exporter] WARNING Rally 23 export failed: 500 <!DOCTYPE html>
<html>
<head>
    <meta charset="UTF-8">
    <title>系统发生错误</title>
    <meta name="robots" content="noindex,nofollow" />
    <style>
        /* Base */
        body {
            color
2026-04-19 19:14:36,371 [app.analytics] INFO Rally 24: started (frame 0)
2026-04-19 19:14:59,948 [app.analytics] INFO Rally 24 ended: reason=net, strokes=1, bounces=0, 23.6s
2026-04-19 19:14:59,949 [app.report] INFO Generating report from tracking_20260419_190421.jsonl
2026-04-19 19:15:01,230 [app.orchestrator] WARNING Auto report failed: 'ts'
2026-04-19 19:15:01,318 [app.result_exporter] INFO Rally 24 payload saved to logs/rally_24_payload.json
2026-04-19 19:15:02,210 [app.result_exporter] WARNING Rally 24 export failed: 500 <!DOCTYPE html>
<html>
<head>
    <meta charset="UTF-8">
    <title>系统发生错误</title>
    <meta name="robots" content="noindex,nofollow" />
    <style>
        /* Base */
        body {
            color
2026-04-19 19:15:12,497 [app.analytics] INFO Rally 25: serving from near (frame 0)
2026-04-19 19:15:16,747 [app.analytics] INFO Rally 8 ended: 6 strokes, 5 bounces, 43.1s
2026-04-19 19:15:16,748 [app.analytics] INFO Rally 26: serving from near (frame 0)
2026-04-19 19:15:26,769 [app.analytics] INFO Rally 27: serving from near (frame 0)
2026-04-19 19:15:57,175 [app.analytics] INFO Rally 28: serving from near (frame 0)
2026-04-19 19:16:09,471 [app.analytics] INFO Rally 9 started (t=1776597369.47)
2026-04-19 19:16:09,471 [app.analytics] INFO Rally 28: serve crossed net (frame 0)
2026-04-19 19:16:33,350 [app.analytics] INFO Rally 28 ended: reason=net, strokes=7, bounces=0, 36.2s
2026-04-19 19:16:33,363 [app.result_exporter] INFO Rally 28 payload saved to logs/rally_28_payload.json
2026-04-19 19:16:33,694 [app.result_exporter] WARNING Rally 28 export failed: 500 <!DOCTYPE html>
<html>
<head>
    <meta charset="UTF-8">
    <title>系统发生错误</title>
    <meta name="robots" content="noindex,nofollow" />
    <style>
        /* Base */
        body {
            color
2026-04-19 19:16:37,536 [app.analytics] INFO Rally 9 ended: 7 strokes, 2 bounces, 23.9s
2026-04-19 19:16:37,536 [app.analytics] INFO Rally 10 started (t=1776597397.54)
2026-04-19 19:16:37,537 [app.analytics] INFO Rally 29: serving from near (frame 0)
2026-04-19 19:16:37,537 [app.analytics] INFO Rally 29: serve crossed net (frame 0)
2026-04-19 19:16:59,939 [app.analytics] INFO Rally 29 ended: reason=net, strokes=1, bounces=0, 22.4s
2026-04-19 19:16:59,951 [app.result_exporter] INFO Rally 29 payload saved to logs/rally_29_payload.json
2026-04-19 19:17:00,319 [app.result_exporter] WARNING Rally 29 export failed: 500 <!DOCTYPE html>
<html>
<head>
    <meta charset="UTF-8">
    <title>系统发生错误</title>
    <meta name="robots" content="noindex,nofollow" />
    <style>
        /* Base */
        body {
            color
2026-04-19 19:17:12,625 [app.analytics] INFO Rally 10 ended: 1 strokes, 6 bounces, 31.6s
2026-04-19 19:17:12,625 [app.analytics] INFO Rally 30: serving from near (frame 0)
2026-04-19 19:17:19,754 [app.analytics] INFO Rally 11 started (t=1776597439.75)
2026-04-19 19:17:19,755 [app.analytics] INFO Rally 30: serve crossed net (frame 0)
2026-04-19 19:17:25,864 [app.analytics] INFO Rally 11 ended: 1 strokes, 0 bounces, 0.0s
2026-04-19 19:17:25,864 [app.analytics] INFO Rally 12 started (t=1776597445.86)
2026-04-19 19:17:25,864 [app.analytics] INFO Rally 30 ended: reason=timeout, strokes=1, bounces=0, 13.2s
2026-04-19 19:17:25,864 [app.analytics] INFO Rally 31: serving from near (frame 0)
2026-04-19 19:17:25,864 [app.analytics] INFO Rally 31: serve crossed net (frame 0)
2026-04-19 19:17:25,873 [app.result_exporter] INFO Rally 30 payload saved to logs/rally_30_payload.json
2026-04-19 19:17:26,154 [app.result_exporter] WARNING Rally 30 export failed: 500 <!DOCTYPE html>
<html>
<head>
    <meta charset="UTF-8">
    <title>系统发生错误</title>
    <meta name="robots" content="noindex,nofollow" />
    <style>
        /* Base */
        body {
            color
2026-04-19 19:17:48,661 [main] INFO Received signal 2, shutting down...
2026-04-19 19:17:48,661 [main] INFO Shutting down orchestrator...
2026-04-19 19:17:48,662 [app.orchestrator] INFO Tracking JSONL closed: recordings\tracking_20260419_190421.jsonl (9232 frames)
2026-04-19 19:17:48,662 [app.orchestrator] INFO Consumer thread stopped
