2026-04-19 18:17:28,202 [main] INFO Log file: logs\tennis_20260419_181728.log
2026-04-19 18:17:28,208 [cam68] INFO Pipeline starting...
2026-04-19 18:17:28,209 [app.pipeline.inference] INFO Auto-detected PyTorch model → TrackNetDetector
2026-04-19 18:17:28,223 [app.pipeline.camera_stream] WARNING [cam68] Reconnecting in 3.0s...
2026-04-19 18:17:28,223 [app.pipeline.inference] INFO Loading TrackNet model: model_weight/TrackNet_finetuned.pt (device=cuda)
2026-04-19 18:17:28,429 [app.pipeline.inference] INFO Loaded static median background: src\bg_median_cam66.png
2026-04-19 18:17:28,430 [app.pipeline.inference] INFO TrackNetDetector ready (PyTorch, CUDA=True, params=11,341,000, seq_len=8, bg=concat)
2026-04-19 18:17:28,433 [app.pipeline.inference] INFO Loaded static median background: src/bg_median_cam68.png
2026-04-19 18:17:28,433 [app.pipeline.homography] INFO [cam68] Homography loaded (reproj error: 0.0000m, court_x: [-1.0, 9.2])
2026-04-19 18:17:29,422 [app.pipeline.player_detector] INFO Loading player pose model: model_weight/yolo26x-pose.pt (device=cuda)
2026-04-19 18:17:29,613 [app.pipeline.player_detector] INFO PlayerPoseDetector ready (conf=0.40, run_every_n=5)
2026-04-19 18:17:29,613 [cam68] INFO Pipeline running
2026-04-19 18:17:31,237 [app.pipeline.camera_stream] WARNING [cam68] Reconnecting in 3.0s...
2026-04-19 18:17:34,240 [app.pipeline.camera_stream] WARNING [cam68] Reconnecting in 3.0s...
2026-04-19 18:17:37,242 [app.pipeline.camera_stream] WARNING [cam68] Reconnecting in 3.0s...
2026-04-19 18:17:40,254 [app.pipeline.camera_stream] WARNING [cam68] Reconnecting in 3.0s...
2026-04-19 18:17:43,258 [app.pipeline.camera_stream] WARNING [cam68] Reconnecting in 3.0s...
2026-04-19 18:17:46,259 [app.pipeline.camera_stream] WARNING [cam68] Reconnecting in 3.0s...
2026-04-19 18:17:49,272 [app.pipeline.camera_stream] WARNING [cam68] Reconnecting in 3.0s...
2026-04-19 18:17:52,283 [app.pipeline.camera_stream] WARNING [cam68] Reconnecting in 3.0s...
2026-04-19 18:17:55,296 [app.pipeline.camera_stream] WARNING [cam68] Reconnecting in 3.0s...
2026-04-19 18:17:58,308 [app.pipeline.camera_stream] WARNING [cam68] Reconnecting in 3.0s...
2026-04-19 18:18:00,914 [app.pipeline.camera_stream] INFO [cam68] Stream stopped
2026-04-19 18:18:00,916 [cam68] INFO Pipeline exited (state=stopped)
