2026-04-19 18:17:23,763 [main] INFO Log file: logs\tennis_20260419_181723.log
2026-04-19 18:17:23,767 [cam66] INFO Pipeline starting...
2026-04-19 18:17:23,768 [app.pipeline.inference] INFO Auto-detected PyTorch model → TrackNetDetector
2026-04-19 18:17:23,788 [app.pipeline.camera_stream] WARNING [cam66] Reconnecting in 3.0s...
2026-04-19 18:17:23,788 [app.pipeline.inference] INFO Loading TrackNet model: model_weight/TrackNet_finetuned.pt (device=cuda)
2026-04-19 18:17:24,036 [app.pipeline.inference] INFO Loaded static median background: src\bg_median_cam66.png
2026-04-19 18:17:24,037 [app.pipeline.inference] INFO TrackNetDetector ready (PyTorch, CUDA=True, params=11,341,000, seq_len=8, bg=concat)
2026-04-19 18:17:24,043 [app.pipeline.inference] INFO Loaded static median background: src/bg_median_cam66.png
2026-04-19 18:17:24,043 [app.pipeline.homography] INFO [cam66] Homography loaded (reproj error: 0.0000m, court_x: [-1.0, 9.2])
2026-04-19 18:17:25,411 [app.pipeline.player_detector] INFO Loading player pose model: model_weight/yolo26x-pose.pt (device=cuda)
2026-04-19 18:17:25,632 [app.pipeline.player_detector] INFO PlayerPoseDetector ready (conf=0.40, run_every_n=5)
2026-04-19 18:17:25,632 [cam66] INFO Pipeline running
2026-04-19 18:17:26,791 [app.pipeline.camera_stream] WARNING [cam66] Reconnecting in 3.0s...
2026-04-19 18:17:29,793 [app.pipeline.camera_stream] WARNING [cam66] Reconnecting in 3.0s...
2026-04-19 18:17:32,806 [app.pipeline.camera_stream] WARNING [cam66] Reconnecting in 3.0s...
2026-04-19 18:17:35,818 [app.pipeline.camera_stream] WARNING [cam66] Reconnecting in 3.0s...
2026-04-19 18:17:38,830 [app.pipeline.camera_stream] WARNING [cam66] Reconnecting in 3.0s...
2026-04-19 18:17:41,832 [app.pipeline.camera_stream] WARNING [cam66] Reconnecting in 3.0s...
2026-04-19 18:17:44,845 [app.pipeline.camera_stream] WARNING [cam66] Reconnecting in 3.0s...
2026-04-19 18:17:47,856 [app.pipeline.camera_stream] WARNING [cam66] Reconnecting in 3.0s...
2026-04-19 18:17:50,868 [app.pipeline.camera_stream] WARNING [cam66] Reconnecting in 3.0s...
2026-04-19 18:17:53,880 [app.pipeline.camera_stream] WARNING [cam66] Reconnecting in 3.0s...
2026-04-19 18:17:56,892 [app.pipeline.camera_stream] WARNING [cam66] Reconnecting in 3.0s...
2026-04-19 18:17:59,903 [app.pipeline.camera_stream] WARNING [cam66] Reconnecting in 3.0s...
2026-04-19 18:18:00,914 [app.pipeline.camera_stream] INFO [cam66] Stream stopped
2026-04-19 18:18:00,916 [cam66] INFO Pipeline exited (state=stopped)
